<?xml version="1.0" encoding="UTF-8"?>
<!-- Generated by org.testng.reporters.JUnitXMLReporter -->
<testsuite ignored="0" hostname="IN-OLX-PF2SH88V" failures="1" tests="3" name="Test" time="7.441" errors="0" timestamp="2024-07-09T17:14:57 IST">
  <testcase classname="ListenersTopic.OrangeHrmListeners" name="testLogo" time="0.043"/>
  <testcase classname="ListenersTopic.OrangeHrmListeners" name="testUrl" time="0.008">
    <failure type="java.lang.AssertionError" message="expected [https://opensource-demo.orangehrmlive.com/] but found [https://opensource-demo.orangehrmlive.com/web/index.php/auth/login]">
      <![CDATA[java.lang.AssertionError: expected [https://opensource-demo.orangehrmlive.com/] but found [https://opensource-demo.orangehrmlive.com/web/index.php/auth/login]
at ListenersTopic.OrangeHrmListeners.testUrl(OrangeHrmListeners.java:37)
at java.base/java.util.ArrayList.forEach(ArrayList.java:1511)
... Removed 33 stack frames]]>
    </failure>
  </testcase> <!-- testUrl -->
  <testcase classname="ListenersTopic.OrangeHrmListeners" name="testHomePageTitle" time="0.001">
    <skipped/>
  </testcase> <!-- testHomePageTitle -->
</testsuite> <!-- Test -->
